#
# There is insufficient memory for the Java Runtime Environment to continue.
# Native memory allocation (mmap) failed to map 132120576 bytes for Failed to commit area from 0x0000000083e00000 to 0x000000008bc00000 of length 132120576.
# Possible reasons:
#   The system is out of physical RAM or swap space
#   The process is running with CompressedOops enabled, and the Java Heap may be blocking the growth of the native heap
# Possible solutions:
#   Reduce memory load on the system
#   Increase physical memory or swap space
#   Check if swap backing store is full
#   Decrease Java heap size (-Xmx/-Xms)
#   Decrease number of Java threads
#   Decrease Java thread stack sizes (-Xss)
#   Set larger code cache with -XX:ReservedCodeCacheSize=
# This output file may be truncated or incomplete.
#
#  Out of Memory Error (./src/hotspot/os/windows/os_windows.cpp:3301), pid=12548, tid=4944
#
# JRE version:  (11.0.10+8) (build )
# Java VM: OpenJDK 64-Bit Server VM (11.0.10+8-b1145.96, mixed mode, sharing, tiered, compressed oops, g1 gc, windows-amd64)
# No core dump will be written. Minidumps are not enabled by default on client versions of Windows
#

---------------  S U M M A R Y ------------

Command Line: org.jetbrains.git4idea.http.GitAskPassApp Username for 'https://github.com': 

Host: Intel(R) Core(TM) i7-8565U CPU @ 1.80GHz, 8 cores, 7G,  Windows 10 , 64 bit Build 18362 (10.0.18362.1350)
Time: Tue Apr  6 13:42:18 2021 Romance Daylight Time elapsed time: 0.020169 seconds (0d 0h 0m 0s)

---------------  T H R E A D  ---------------

Current thread (0x000001965073c800):  JavaThread "Unknown thread" [_thread_in_vm, id=4944, stack(0x00000008bc800000,0x00000008bc900000)]

Stack: [0x00000008bc800000,0x00000008bc900000]
Native frames: (J=compiled Java code, j=interpreted, Vv=VM code, C=native code)
V  [jvm.dll+0x5ece6a]
V  [jvm.dll+0x722cd5]
V  [jvm.dll+0x72422d]
V  [jvm.dll+0x7248e3]
V  [jvm.dll+0x2428d8]
V  [jvm.dll+0x5ea244]
V  [jvm.dll+0x5df2e5]
V  [jvm.dll+0x2fdddb]
V  [jvm.dll+0x2fdd4a]
V  [jvm.dll+0x2fdc22]
V  [jvm.dll+0x302b06]
V  [jvm.dll+0x34b033]
V  [jvm.dll+0x34b736]
V  [jvm.dll+0x34b133]
V  [jvm.dll+0x2d87d8]
V  [jvm.dll+0x2d9987]
V  [jvm.dll+0x701817]
V  [jvm.dll+0x70300c]
V  [jvm.dll+0x3585a9]
V  [jvm.dll+0x6e516e]
V  [jvm.dll+0x3c09e3]
V  [jvm.dll+0x3c2c71]
C  [jli.dll+0x5373]
C  [ucrtbase.dll+0x210b2]
C  [KERNEL32.DLL+0x17c24]
C  [ntdll.dll+0x6d721]


---------------  P R O C E S S  ---------------

Threads class SMR info:
_java_thread_list=0x00000196504f1160, length=0, elements={
}

Java Threads: ( => current thread )

Other Threads:
  0x0000019650755000 GCTaskThread "GC Thread#0" [stack: 0x00000008bc900000,0x00000008bca00000] [id=2660]
  0x0000019650786000 ConcurrentGCThread "G1 Main Marker" [stack: 0x00000008bca00000,0x00000008bcb00000] [id=17468]
  0x0000019650787800 ConcurrentGCThread "G1 Conc#0" [stack: 0x00000008bcb00000,0x00000008bcc00000] [id=3252]

[error occurred during error reporting (printing all threads), id 0xc0000005, EXCEPTION_ACCESS_VIOLATION (0xc0000005) at pc=0x00007ffb9fdf8db7]

VM state:not at safepoint (not fully initialized)

VM Mutex/Monitor currently owned by a thread:  ([mutex/lock_event])
[0x0000019650739d20] Heap_lock - owner thread: 0x000001965073c800

Heap address: 0x0000000083e00000, size: 1986 MB, Compressed Oops mode: Non-zero based: 0x0000000083e00000
Narrow klass base: 0x0000000000000000, Narrow klass shift: 0

GC Heap History (0 events):
No events

Deoptimization events (0 events):
No events

Classes redefined (0 events):
No events

Internal exceptions (0 events):
No events

Events (1 events):
Event: 0.015 Loaded shared library C:\Program Files\JetBrains\PyCharm Community Edition 2020.3.5\jbr\bin\zip.dll


Dynamic libraries:
0x00007ff601c80000 - 0x00007ff601c8a000 	C:\Program Files\JetBrains\PyCharm Community Edition 2020.3.5\jbr\bin\java.exe
0x00007ffbef7a0000 - 0x00007ffbef990000 	C:\Windows\SYSTEM32\ntdll.dll
0x00007ffbee1e0000 - 0x00007ffbee292000 	C:\Windows\System32\KERNEL32.DLL
0x00007ffbecb60000 - 0x00007ffbece05000 	C:\Windows\System32\KERNELBASE.dll
0x00007ffbeca60000 - 0x00007ffbecb5a000 	C:\Windows\System32\ucrtbase.dll
0x00007ffbda450000 - 0x00007ffbda469000 	C:\Program Files\JetBrains\PyCharm Community Edition 2020.3.5\jbr\bin\jli.dll
0x00007ffbd6510000 - 0x00007ffbd6527000 	C:\Program Files\JetBrains\PyCharm Community Edition 2020.3.5\jbr\bin\VCRUNTIME140.dll
0x00007ffbee920000 - 0x00007ffbeeab4000 	C:\Windows\System32\USER32.dll
0x00007ffbecf70000 - 0x00007ffbecf91000 	C:\Windows\System32\win32u.dll
0x00007ffbeed50000 - 0x00007ffbeed76000 	C:\Windows\System32\GDI32.dll
0x00007ffbcd150000 - 0x00007ffbcd3d4000 	C:\Windows\WinSxS\amd64_microsoft.windows.common-controls_6595b64144ccf1df_6.0.18362.1440_none_9e7dbfb9e45e8e67\COMCTL32.dll
0x00007ffbec810000 - 0x00007ffbec9a8000 	C:\Windows\System32\gdi32full.dll
0x00007ffbef640000 - 0x00007ffbef6de000 	C:\Windows\System32\msvcrt.dll
0x00007ffbecfd0000 - 0x00007ffbed06e000 	C:\Windows\System32\msvcp_win.dll
0x00007ffbeda80000 - 0x00007ffbeddb6000 	C:\Windows\System32\combase.dll
0x00007ffbee710000 - 0x00007ffbee82f000 	C:\Windows\System32\RPCRT4.dll
0x00007ffbec730000 - 0x00007ffbec7b1000 	C:\Windows\System32\bcryptPrimitives.dll
0x00007ffbef610000 - 0x00007ffbef63e000 	C:\Windows\System32\IMM32.DLL
0x00007ffbb7900000 - 0x00007ffbb799d000 	C:\Program Files\JetBrains\PyCharm Community Edition 2020.3.5\jbr\bin\msvcp140.dll
0x00007ffb9fb10000 - 0x00007ffba05e0000 	C:\Program Files\JetBrains\PyCharm Community Edition 2020.3.5\jbr\bin\server\jvm.dll
0x00007ffbee010000 - 0x00007ffbee0b3000 	C:\Windows\System32\ADVAPI32.dll
0x00007ffbed9e0000 - 0x00007ffbeda77000 	C:\Windows\System32\sechost.dll
0x00007ffbee830000 - 0x00007ffbee838000 	C:\Windows\System32\PSAPI.DLL
0x00007ffbe6200000 - 0x00007ffbe6224000 	C:\Windows\SYSTEM32\WINMM.dll
0x00007ffbcda70000 - 0x00007ffbcda79000 	C:\Windows\SYSTEM32\WSOCK32.dll
0x00007ffbd6fd0000 - 0x00007ffbd6fda000 	C:\Windows\SYSTEM32\VERSION.dll
0x00007ffbee0c0000 - 0x00007ffbee12f000 	C:\Windows\System32\WS2_32.dll
0x00007ffbe61a0000 - 0x00007ffbe61cd000 	C:\Windows\SYSTEM32\winmmbase.dll
0x00007ffbec7c0000 - 0x00007ffbec80a000 	C:\Windows\System32\cfgmgr32.dll
0x00007ffbec6b0000 - 0x00007ffbec6c1000 	C:\Windows\System32\kernel.appcore.dll
0x00007ffbdae50000 - 0x00007ffbdae61000 	C:\Program Files\JetBrains\PyCharm Community Edition 2020.3.5\jbr\bin\verify.dll
0x00007ffbeafe0000 - 0x00007ffbeb1d4000 	C:\Windows\SYSTEM32\DBGHELP.DLL
0x00007ffbd70a0000 - 0x00007ffbd70ca000 	C:\Windows\SYSTEM32\dbgcore.DLL
0x00007ffbda4e0000 - 0x00007ffbda509000 	C:\Program Files\JetBrains\PyCharm Community Edition 2020.3.5\jbr\bin\java.dll
0x00007ffbe6330000 - 0x00007ffbe633b000 	C:\Program Files\JetBrains\PyCharm Community Edition 2020.3.5\jbr\bin\jimage.dll
0x00007ffbda4c0000 - 0x00007ffbda4d8000 	C:\Program Files\JetBrains\PyCharm Community Edition 2020.3.5\jbr\bin\zip.dll

dbghelp: loaded successfully - version: 4.0.5 - missing functions: none
symbol engine: initialized successfully - sym options: 0x614 - pdb path: .;C:\Program Files\JetBrains\PyCharm Community Edition 2020.3.5\jbr\bin;C:\Windows\SYSTEM32;C:\Windows\WinSxS\amd64_microsoft.windows.common-controls_6595b64144ccf1df_6.0.18362.1440_none_9e7dbfb9e45e8e67;C:\Program Files\JetBrains\PyCharm Community Edition 2020.3.5\jbr\bin\server

VM Arguments:
java_command: org.jetbrains.git4idea.http.GitAskPassApp Username for 'https://github.com': 
java_class_path (initial): C:/Program Files/JetBrains/PyCharm Community Edition 2020.3.5/plugins/git4idea/lib/git4idea-rt.jar;C:/Program Files/JetBrains/PyCharm Community Edition 2020.3.5/lib/xmlrpc-2.0.1.jar;C:/Program Files/JetBrains/PyCharm Community Edition 2020.3.5/lib/commons-codec-1.14.jar
Launcher Type: SUN_STANDARD

[Global flags]
     intx CICompilerCount                          = 4                                         {product} {ergonomic}
     uint ConcGCThreads                            = 2                                         {product} {ergonomic}
     uint G1ConcRefinementThreads                  = 8                                         {product} {ergonomic}
   size_t G1HeapRegionSize                         = 1048576                                   {product} {ergonomic}
    uintx GCDrainStackTargetSize                   = 64                                        {product} {ergonomic}
   size_t InitialHeapSize                          = 132120576                                 {product} {ergonomic}
   size_t MarkStackSize                            = 4194304                                   {product} {ergonomic}
   size_t MaxHeapSize                              = 2082471936                                {product} {ergonomic}
   size_t MinHeapDeltaBytes                        = 1048576                                   {product} {ergonomic}
    uintx NonNMethodCodeHeapSize                   = 5836300                                {pd product} {ergonomic}
    uintx NonProfiledCodeHeapSize                  = 122910970                              {pd product} {ergonomic}
    uintx ProfiledCodeHeapSize                     = 122910970                              {pd product} {ergonomic}
    uintx ReservedCodeCacheSize                    = 251658240                              {pd product} {ergonomic}
     bool SegmentedCodeCache                       = true                                      {product} {ergonomic}
     bool UseCompressedClassPointers               = true                                 {lp64_product} {ergonomic}
     bool UseCompressedOops                        = true                                 {lp64_product} {ergonomic}
     bool UseG1GC                                  = true                                      {product} {ergonomic}
     bool UseLargePagesIndividualAllocation        = false                                  {pd product} {ergonomic}

Logging:
Log output configuration:
 #0: stdout all=warning uptime,level,tags
 #1: stderr all=off uptime,level,tags

Environment Variables:
PATH=C:/Program Files/Git/mingw64/libexec/git-core;C:/Program Files/Git/mingw64/libexec/git-core;C:\Program Files\Git\mingw64\bin;C:\Program Files\Git\usr\bin;C:\Users\Gurchani101\bin;C:\Program Files (x86)\Common Files\Oracle\Java\javapath;C:\Windows\system32;C:\Windows;C:\Windows\System32\Wbem;C:\Windows\System32\WindowsPowerShell\v1.0\;C:\Windows\System32\OpenSSH\;C:\Program Files\Intel\WiFi\bin\;C:\Program Files\Common Files\Intel\WirelessCommon\;"%PYTHON_HOME%\;%PYTHON_HOME%\Scripts\";C:\Program Files\Git\cmd;C:\Python3.8\Scripts\;C:\Python3.8\;C:\Users\Gurchani101\AppData\Local\Microsoft\WindowsApps;C:\Users\Gurchani101\AppData\Local\Google\Cloud SDK\google-cloud-sdk\bin;C:\Users\Gurchani101\AppData\Local\GitHubDesktop\bin;C:\Users\Gurchani101\AppData\Local\Programs\Microsoft VS Code\bin
USERNAME=Gurchani101
DISPLAY=:0.0
LC_ALL=en_US.UTF-8
OS=Windows_NT
PROCESSOR_IDENTIFIER=Intel64 Family 6 Model 142 Stepping 12, GenuineIntel



---------------  S Y S T E M  ---------------

OS: Windows 10 , 64 bit Build 18362 (10.0.18362.1350)
OS uptime: 4 days 0:50 hours

CPU:total 8 (initial active 8) (4 cores per cpu, 2 threads per core) family 6 model 142 stepping 12 microcode 0xde, cmov, cx8, fxsr, mmx, sse, sse2, sse3, ssse3, sse4.1, sse4.2, popcnt, avx, avx2, aes, clmul, erms, 3dnowpref, lzcnt, ht, tsc, tscinvbit, bmi1, bmi2, adx, fma

Memory: 4k page, system-wide physical 7939M (1433M free)
TotalPageFile size 10939M (AvailPageFile size 32M)
current process WorkingSet (physical memory assigned to process): 10M, peak: 10M
current process commit charge ("private bytes"): 60M, peak: 186M

vm_info: OpenJDK 64-Bit Server VM (11.0.10+8-b1145.96) for windows-amd64 JRE (11.0.10+8-b1145.96), built on Feb 18 2021 01:38:16 by "" with MS VC++ 14.0 (VS2015)

END.
